nohup: 忽略输入
2024-02-08 11:32:31 INFO: [MetagenomeSimulationPipeline] Metagenome simulation starting
2024-02-08 11:32:31 INFO: [MetagenomeSimulationPipeline] Validating Genomes
2024-02-08 11:32:31 INFO: [MetadataReader] Reading file: '/home/work/wenhai/PanTax/sample/genome_to_id.tsv'
2024-02-08 11:32:34 INFO: [MetadataReader 61355713354] Reading file: '/home/work/wenhai/PanTax/sample/metadata.tsv'
2024-02-08 11:32:34 INFO: [MetadataReader 31395689975] Reading file: '/home/work/wenhai/PanTax/sample/sample_hifi_data/internal/genome_locations.tsv'
2024-02-08 11:32:37 INFO: [NcbiTaxonomy] Building taxonomy tree...
2024-02-08 11:32:37 INFO: [NcbiTaxonomy] Reading 'nodes' file:	'/tmp/tmpy_ood9oe/NCBI/nodes.dmp'
2024-02-08 11:32:50 INFO: [NcbiTaxonomy] Reading 'names' file:	'/tmp/tmpy_ood9oe/NCBI/names.dmp'
2024-02-08 11:32:52 INFO: [NcbiTaxonomy] Reading 'merged' file:	'/tmp/tmpy_ood9oe/NCBI/merged.dmp'
2024-02-08 11:32:52 INFO: [NcbiTaxonomy] Done (15s)
2024-02-08 11:32:53 INFO: [MetagenomeSimulationPipeline] Move Genomes
2024-02-08 11:32:54 INFO: [MetagenomeSimulationPipeline] Read simulation
2024-02-08 11:32:54 INFO: [GenomePreparation 98679005782] Reading distribution file
2024-02-08 11:32:54 INFO: [GenomePreparation 98679005782] Reading genome location file
2024-02-08 11:33:01 INFO: [GenomePreparation 98679005782] Simulating reads using ReadSimulationPBsim readsimulator...
2024-02-08 11:33:01 INFO: [GenomePreparation 98679005782] Simulating reads from GCF_003790525.1_ASM379052v1: '/home/work/wenhai/PanTax/sample/sample_hifi_data/source_genomes/GCF_003790525.1_ASM379052v1_genomic.fna'
2024-02-08 11:33:01 INFO: [GenomePreparation 98679005782] Simulating reads from GCF_024223415.1_ASM2422341v1: '/home/work/wenhai/PanTax/sample/sample_hifi_data/source_genomes/GCF_024223415.1_ASM2422341v1_genomic.fna'
2024-02-08 11:33:01 INFO: [GenomePreparation 98679005782] Simulating reads from GCF_006400955.1_ASM640095v1: '/home/work/wenhai/PanTax/sample/sample_hifi_data/source_genomes/GCF_006400955.1_ASM640095v1_genomic.fna'
2024-02-08 11:33:01 INFO: [GenomePreparation 98679005782] Simulating reads from GCF_006401215.1_ASM640121v1: '/home/work/wenhai/PanTax/sample/sample_hifi_data/source_genomes/GCF_006401215.1_ASM640121v1_genomic.fna'
/home/wenhai/application/camisim/CAMISIM/tools/pbsim2/src/pbsim --length-min 1000 --sample-fastq /home/work/xluo/prj/ErrorCorrection/data/real/meta/hifi/sample_meta_hifi.fq --depth 2.6979612909464192 --prefix /tmp/tmpzp1d_kkp/2024.02.08_11.32.29_sample_0/reads/GCF_003790525.1_ASM379052v1 /home/work/wenhai/PanTax/sample/sample_hifi_data/source_genomes/GCF_003790525.1_ASM379052v1_genomic.fna
/home/wenhai/application/camisim/CAMISIM/tools/pbsim2/src/pbsim --length-min 1000 --sample-fastq /home/work/xluo/prj/ErrorCorrection/data/real/meta/hifi/sample_meta_hifi.fq --depth 4.046941936419628 --prefix /tmp/tmpzp1d_kkp/2024.02.08_11.32.29_sample_0/reads/GCF_024223415.1_ASM2422341v1 /home/work/wenhai/PanTax/sample/sample_hifi_data/source_genomes/GCF_024223415.1_ASM2422341v1_genomic.fna
/home/wenhai/application/camisim/CAMISIM/tools/pbsim2/src/pbsim --length-min 1000 --sample-fastq /home/work/xluo/prj/ErrorCorrection/data/real/meta/hifi/sample_meta_hifi.fq --depth 1.3489806454732096 --prefix /tmp/tmpzp1d_kkp/2024.02.08_11.32.29_sample_0/reads/GCF_006400955.1_ASM640095v1 /home/work/wenhai/PanTax/sample/sample_hifi_data/source_genomes/GCF_006400955.1_ASM640095v1_genomic.fna
/home/wenhai/application/camisim/CAMISIM/tools/pbsim2/src/pbsim --length-min 1000 --sample-fastq /home/work/xluo/prj/ErrorCorrection/data/real/meta/hifi/sample_meta_hifi.fq --depth 5.3959225818928385 --prefix /tmp/tmpzp1d_kkp/2024.02.08_11.32.29_sample_0/reads/GCF_006401215.1_ASM640121v1 /home/work/wenhai/PanTax/sample/sample_hifi_data/source_genomes/GCF_006401215.1_ASM640121v1_genomic.fna
:::: Simulation parameters :::

Simulated by fastq sampling.

prefix : /tmp/tmpzp1d_kkp/2024.02.08_11.32.29_sample_0/reads/GCF_006400955.1_ASM640095v1
id-prefix : S
depth : 1.348981
length-mean : (sampling FASTQ)
length-sd : (sampling FASTQ)
length-min : 1000
length-max : 1000000
accuracy-mean : (sampling FASTQ)
accuracy-sd : (sampling FASTQ)
accuracy-min : 0.750000
accuracy-max : 1.000000
difference-ratio : 6:54:40
seed : 1707363182

:::: FASTQ stats ::::

file name : /home/work/xluo/prj/ErrorCorrection/data/real/meta/hifi/sample_meta_hifi.fq

:: all reads ::
read num. : 48292
read total length : 740433427
read min length : 1345
read max length : 31273

:: filtered reads ::
read num. : 48292
read total length : 740433427
read min length : 1345
read max length : 31273
read length mean (SD) : 15332.424149 (1639.441996)
read accuracy mean (SD) : 0.998305 (0.002278)

:::: Reference stats ::::

file name : /home/work/wenhai/PanTax/sample/sample_hifi_data/source_genomes/GCF_006400955.1_ASM640095v1_genomic.fna

ref.1 (len:9321034) : NZ_CP017169.1

:::: Simulation stats (ref.1) ::::

read num. : 818
depth : 1.348981
read length mean (SD) : 15371.508557 (1775.066020)
read length min : 4383
read length max : 20482
read accuracy mean (SD) : 0.998406 (0.002192)
substitution rate. : 0.000098
insertion rate. : 0.000874
deletion rate. : 0.000643

:::: System utilization ::::

CPU time(s) : 1
Elapsed time(s) : 293
:::: Simulation parameters :::

Simulated by fastq sampling.

prefix : /tmp/tmpzp1d_kkp/2024.02.08_11.32.29_sample_0/reads/GCF_003790525.1_ASM379052v1
id-prefix : S
depth : 2.697961
length-mean : (sampling FASTQ)
length-sd : (sampling FASTQ)
length-min : 1000
length-max : 1000000
accuracy-mean : (sampling FASTQ)
accuracy-sd : (sampling FASTQ)
accuracy-min : 0.750000
accuracy-max : 1.000000
difference-ratio : 6:54:40
seed : 1707363182

:::: FASTQ stats ::::

file name : /home/work/xluo/prj/ErrorCorrection/data/real/meta/hifi/sample_meta_hifi.fq

:: all reads ::
read num. : 48292
read total length : 740433427
read min length : 1345
read max length : 31273

:: filtered reads ::
read num. : 48292
read total length : 740433427
read min length : 1345
read max length : 31273
read length mean (SD) : 15332.424149 (1639.441996)
read accuracy mean (SD) : 0.998305 (0.002278)

:::: Reference stats ::::

file name : /home/work/wenhai/PanTax/sample/sample_hifi_data/source_genomes/GCF_003790525.1_ASM379052v1_genomic.fna

ref.1 (len:5539489) : NZ_CP033635.1

:::: Simulation stats (ref.1) ::::

read num. : 981
depth : 2.697961
read length mean (SD) : 15234.786952 (1574.462397)
read length min : 6355
read length max : 20369
read accuracy mean (SD) : 0.998323 (0.002286)
substitution rate. : 0.000105
insertion rate. : 0.000926
deletion rate. : 0.000682

:::: System utilization ::::

CPU time(s) : 1
Elapsed time(s) : 294
:::: Simulation parameters :::

Simulated by fastq sampling.

prefix : /tmp/tmpzp1d_kkp/2024.02.08_11.32.29_sample_0/reads/GCF_024223415.1_ASM2422341v1
id-prefix : S
depth : 4.046942
length-mean : (sampling FASTQ)
length-sd : (sampling FASTQ)
length-min : 1000
length-max : 1000000
accuracy-mean : (sampling FASTQ)
accuracy-sd : (sampling FASTQ)
accuracy-min : 0.750000
accuracy-max : 1.000000
difference-ratio : 6:54:40
seed : 1707363182

:::: FASTQ stats ::::

file name : /home/work/xluo/prj/ErrorCorrection/data/real/meta/hifi/sample_meta_hifi.fq

:: all reads ::
read num. : 48292
read total length : 740433427
read min length : 1345
read max length : 31273

:: filtered reads ::
read num. : 48292
read total length : 740433427
read min length : 1345
read max length : 31273
read length mean (SD) : 15332.424149 (1639.441996)
read accuracy mean (SD) : 0.998305 (0.002278)

:::: Reference stats ::::

file name : /home/work/wenhai/PanTax/sample/sample_hifi_data/source_genomes/GCF_024223415.1_ASM2422341v1_genomic.fna

ref.1 (len:5559392) : NZ_CP100500.1

:::: Simulation stats (ref.1) ::::

read num. : 1469
depth : 4.046942
read length mean (SD) : 15315.545269 (1665.920238)
read length min : 3131
read length max : 20996
read accuracy mean (SD) : 0.998335 (0.002232)
substitution rate. : 0.000104
insertion rate. : 0.000912
deletion rate. : 0.000670

:::: System utilization ::::

CPU time(s) : 2
Elapsed time(s) : 294
:::: Simulation parameters :::

Simulated by fastq sampling.

prefix : /tmp/tmpzp1d_kkp/2024.02.08_11.32.29_sample_0/reads/GCF_006401215.1_ASM640121v1
id-prefix : S
depth : 5.395923
length-mean : (sampling FASTQ)
length-sd : (sampling FASTQ)
length-min : 1000
length-max : 1000000
accuracy-mean : (sampling FASTQ)
accuracy-sd : (sampling FASTQ)
accuracy-min : 0.750000
accuracy-max : 1.000000
difference-ratio : 6:54:40
seed : 1707363182

:::: FASTQ stats ::::

file name : /home/work/xluo/prj/ErrorCorrection/data/real/meta/hifi/sample_meta_hifi.fq

:: all reads ::
read num. : 48292
read total length : 740433427
read min length : 1345
read max length : 31273

:: filtered reads ::
read num. : 48292
read total length : 740433427
read min length : 1345
read max length : 31273
read length mean (SD) : 15332.424149 (1639.441996)
read accuracy mean (SD) : 0.998305 (0.002278)

:::: Reference stats ::::

file name : /home/work/wenhai/PanTax/sample/sample_hifi_data/source_genomes/GCF_006401215.1_ASM640121v1_genomic.fna

ref.1 (len:9262965) : NZ_CP017170.1

:::: Simulation stats (ref.1) ::::

read num. : 3260
depth : 5.395923
read length mean (SD) : 15331.976074 (1606.496159)
read length min : 3493
read length max : 21015
read accuracy mean (SD) : 0.998311 (0.002253)
substitution rate. : 0.000100
insertion rate. : 0.000925
deletion rate. : 0.000685

:::: System utilization ::::

CPU time(s) : 2
Elapsed time(s) : 295
2024-02-08 11:37:57 INFO: [GenomePreparation 98679005782] Simulating reads finished
2024-02-08 11:38:39 INFO: [MetagenomeSimulationPipeline] Generate gold standard assembly
2024-02-08 11:38:39 INFO: [MetadataReader 9290436731] Reading file: '/home/work/wenhai/PanTax/sample/sample_hifi_data/internal/genome_locations.tsv'
2024-02-08 11:38:59 INFO: [MetagenomeSimulationPipeline] Generate pooled strains gold standard assembly
2024-02-08 11:38:59 INFO: [MetadataReader 43813627950] Reading file: '/home/work/wenhai/PanTax/sample/sample_hifi_data/internal/genome_locations.tsv'
2024-02-08 11:39:00 INFO: [MetagenomeSimulationPipeline] Samples used for pooled assembly: '2024.02.08_11.32.29_sample_0'
2024-02-08 11:39:00 INFO: [Validator 90080387841] Creating pooled gold standard
2024-02-08 11:39:00 INFO: [Validator 90080387841] Merging bam files.
2024-02-08 11:39:00 WARNING: [Validator 90080387841] List contains only one file: '/home/work/wenhai/PanTax/sample/sample_hifi_data/2024.02.08_11.32.29_sample_0/bam/GCF_006400955.1_ASM640095v1.bam'
2024-02-08 11:39:00 WARNING: [Validator 90080387841] List contains only one file: '/home/work/wenhai/PanTax/sample/sample_hifi_data/2024.02.08_11.32.29_sample_0/bam/GCF_003790525.1_ASM379052v1.bam'
2024-02-08 11:39:00 WARNING: [Validator 90080387841] List contains only one file: '/home/work/wenhai/PanTax/sample/sample_hifi_data/2024.02.08_11.32.29_sample_0/bam/GCF_024223415.1_ASM2422341v1.bam'
2024-02-08 11:39:00 WARNING: [Validator 90080387841] List contains only one file: '/home/work/wenhai/PanTax/sample/sample_hifi_data/2024.02.08_11.32.29_sample_0/bam/GCF_006401215.1_ASM640121v1.bam'
2024-02-08 11:39:20 INFO: [MetagenomeSimulationPipeline] Anonymize Data
2024-02-08 11:39:20 INFO: [FastaAnonymizer] Shuffle and anonymize '/tmp/tmpzp1d_kkp/2024.02.08_11.32.29_sample_0/reads'
2024-02-08 11:40:14 INFO: [MetadataReader 33359741144] Reading file: '/home/work/wenhai/PanTax/sample/sample_hifi_data/internal/genome_locations.tsv'
2024-02-08 11:40:14 INFO: [MetadataReader 84402770677] Reading file: '/home/work/wenhai/PanTax/sample/sample_hifi_data/internal/meta_data.tsv'
2024-02-08 11:40:14 INFO: [MetadataReader 14357296731] Reading file: '/tmp/tmpzp1d_kkp/tmp2z1rqlzf'
2024-02-08 11:40:14 INFO: [FastaAnonymizer 59268263495] Shuffle and anonymize '/tmp/tmpzp1d_kkp/tmp9wv1z7an'
2024-02-08 11:40:19 INFO: [MetadataReader 90831995537] Reading file: '/home/work/wenhai/PanTax/sample/sample_hifi_data/internal/genome_locations.tsv'
2024-02-08 11:40:20 INFO: [MetadataReader 81110423662] Reading file: '/home/work/wenhai/PanTax/sample/sample_hifi_data/internal/meta_data.tsv'
2024-02-08 11:40:20 INFO: [MetadataReader 87220810978] Reading file: '/tmp/tmpzp1d_kkp/read_start_positionsilq9om41'
2024-02-08 11:40:20 INFO: [MetadataReader 54825165] Reading file: '/tmp/tmpzp1d_kkp/tmp3t_z2mmw'
2024-02-08 11:40:20 INFO: [FastaAnonymizer 79419093290] Shuffle and anonymize '/tmp/tmpzp1d_kkp/tmprifyc0v8'
2024-02-08 11:40:24 INFO: [MetadataReader 13190750542] Reading file: '/home/work/wenhai/PanTax/sample/sample_hifi_data/internal/genome_locations.tsv'
2024-02-08 11:40:24 INFO: [MetadataReader 24712393472] Reading file: '/home/work/wenhai/PanTax/sample/sample_hifi_data/internal/meta_data.tsv'
2024-02-08 11:40:24 INFO: [MetadataReader 60990609307] Reading file: '/tmp/tmpzp1d_kkp/read_start_positionshfef1oc2'
2024-02-08 11:40:24 INFO: [MetadataReader 46834664698] Reading file: '/tmp/tmpzp1d_kkp/tmpxhpiooqx'
2024-02-08 11:40:24 INFO: [MetagenomeSimulationPipeline] Compress Data
2024-02-08 11:40:25 INFO: [Compress 14975689567] Compressing 'tmp236yctmw'
2024-02-08 11:40:25 INFO: [Compress 19115009212] Compressing 'anonymous_gs_mappingbc5p5l92'
2024-02-08 11:40:25 INFO: [Compress 78293898223] Compressing 'anonymous_gsa_mappingoilb1yb4'
2024-02-08 11:40:25 INFO: [Compress 57248880839] Compressing 'anonymous_gsa_pooled_mappingy38gqrbh'
2024-02-08 11:40:25 INFO: [Compress 96605809424] Compressing 'tmp8mxy_s7u'
2024-02-08 11:40:25 INFO: [Compress 20081332141] Compressing 'tmp5a676_tj'
2024-02-08 11:40:25 INFO: [Compress 78293898223] Done compressing 'gsa_mapping.tsv.gz' in 0:00:00s.
2024-02-08 11:40:25 INFO: [Compress 57248880839] Done compressing 'gsa_pooled_mapping.tsv.gz' in 0:00:00s.
2024-02-08 11:40:25 INFO: [Compress 19115009212] Done compressing 'reads_mapping.tsv.gz' in 0:00:00s.
2024-02-08 11:40:26 INFO: [Compress 96605809424] Done compressing 'anonymous_gsa_pooled.fasta.gz' in 0:00:01s.
2024-02-08 11:40:26 INFO: [Compress 20081332141] Done compressing 'anonymous_gsa.fasta.gz' in 0:00:01s.
2024-02-08 11:40:29 INFO: [Compress 14975689567] Done compressing 'anonymous_reads.fq.gz' in 0:00:04s.
2024-02-08 11:40:29 INFO: [MetagenomeSimulationPipeline] Metagenome simulation finished
