nohup: 忽略输入
2024-02-05 10:54:22 INFO: [MetagenomeSimulationPipeline] Metagenome simulation starting
2024-02-05 10:54:22 INFO: [MetagenomeSimulationPipeline] Validating Genomes
2024-02-05 10:54:22 INFO: [MetadataReader] Reading file: '/home/work/wenhai/PanTax/sample/genome_to_id.tsv'
2024-02-05 10:54:22 INFO: [MetadataReader 61355713354] Reading file: '/home/work/wenhai/PanTax/sample/metadata.tsv'
2024-02-05 10:54:22 INFO: [MetadataReader 31395689975] Reading file: '/home/work/wenhai/PanTax/sample/sample_ngs_data/internal/genome_locations.tsv'
2024-02-05 10:54:25 INFO: [NcbiTaxonomy] Building taxonomy tree...
2024-02-05 10:54:25 INFO: [NcbiTaxonomy] Reading 'nodes' file:	'/tmp/tmpars44l5u/NCBI/nodes.dmp'
2024-02-05 10:54:37 INFO: [NcbiTaxonomy] Reading 'names' file:	'/tmp/tmpars44l5u/NCBI/names.dmp'
2024-02-05 10:54:38 INFO: [NcbiTaxonomy] Reading 'merged' file:	'/tmp/tmpars44l5u/NCBI/merged.dmp'
2024-02-05 10:54:38 INFO: [NcbiTaxonomy] Done (14s)
2024-02-05 10:54:38 INFO: [MetagenomeSimulationPipeline] Move Genomes
2024-02-05 10:54:39 INFO: [MetagenomeSimulationPipeline] Read simulation
2024-02-05 10:54:39 INFO: [GenomePreparation 98679005782] Using 'mbarc' error profile.
2024-02-05 10:54:39 INFO: [GenomePreparation 98679005782] Reading distribution file
2024-02-05 10:54:39 INFO: [GenomePreparation 98679005782] Reading genome location file
2024-02-05 10:54:39 INFO: [GenomePreparation 98679005782] Simulating reads using ReadSimulationArtIllumina readsimulator...
2024-02-05 10:54:39 INFO: [GenomePreparation 98679005782] Simulating reads from GCF_003790525.1_ASM379052v1: '/home/work/wenhai/PanTax/sample/sample_ngs_data/source_genomes/GCF_003790525.1_ASM379052v1_genomic.fna'
2024-02-05 10:54:39 INFO: [GenomePreparation 98679005782] Simulating reads from GCF_024223415.1_ASM2422341v1: '/home/work/wenhai/PanTax/sample/sample_ngs_data/source_genomes/GCF_024223415.1_ASM2422341v1_genomic.fna'
2024-02-05 10:54:39 INFO: [GenomePreparation 98679005782] Simulating reads from GCF_006400955.1_ASM640095v1: '/home/work/wenhai/PanTax/sample/sample_ngs_data/source_genomes/GCF_006400955.1_ASM640095v1_genomic.fna'
2024-02-05 10:54:39 INFO: [GenomePreparation 98679005782] Simulating reads from GCF_006401215.1_ASM640121v1: '/home/work/wenhai/PanTax/sample/sample_ngs_data/source_genomes/GCF_006401215.1_ASM640121v1_genomic.fna'
=======================================ART======================================
                            ART_Illumina (2008-2015)                            
                            Q Version 2.3.6 (Mar 9, 2015)                      
                     Contact: Weichun Huang at whduke@gmail.com                 
================================================================================

                          Paired-end sequencing simulation

Total CPU time used: 1.32

The random seed for the run: 174454566

Parameters used during run
	Read Length:	150
	Genome masking 'N' cutoff frequency: 	1 in 150
	Fold Coverage:            1.34898X
	Mean Fragment Length:     270
	Standard Deviation:       27
	First quality shift:      11
	Second quality shift:     11
	Profile Type:             Combined
	ID Tag:                   

Quality Profile(s)
	First Read:   /home/wenhai/application/camisim/CAMISIM/tools/art_illumina-2.3.6/profiles/ART_MBARC-26_HiSeq_R1.txt (user's profile)
	Second Read:  /home/wenhai/application/camisim/CAMISIM/tools/art_illumina-2.3.6/profiles/ART_MBARC-26_HiSeq_R2.txt (user's profile)

Output files

  FASTQ Sequence Files:
	 the 1st reads: /tmp/tmpm392huw0/2024.02.05_10.54.22_sample_0/reads/GCF_006400955.1_ASM640095v11.fq
	 the 2nd reads: /tmp/tmpm392huw0/2024.02.05_10.54.22_sample_0/reads/GCF_006400955.1_ASM640095v12.fq

  SAM Alignment File:
	/tmp/tmpm392huw0/2024.02.05_10.54.22_sample_0/reads/GCF_006400955.1_ASM640095v1.sam

=======================================ART======================================
                            ART_Illumina (2008-2015)                            
                            Q Version 2.3.6 (Mar 9, 2015)                      
                     Contact: Weichun Huang at whduke@gmail.com                 
================================================================================

                          Paired-end sequencing simulation

Total CPU time used: 1.49

The random seed for the run: 882177807

Parameters used during run
	Read Length:	150
	Genome masking 'N' cutoff frequency: 	1 in 150
	Fold Coverage:            2.69796X
	Mean Fragment Length:     270
	Standard Deviation:       27
	First quality shift:      11
	Second quality shift:     11
	Profile Type:             Combined
	ID Tag:                   

Quality Profile(s)
	First Read:   /home/wenhai/application/camisim/CAMISIM/tools/art_illumina-2.3.6/profiles/ART_MBARC-26_HiSeq_R1.txt (user's profile)
	Second Read:  /home/wenhai/application/camisim/CAMISIM/tools/art_illumina-2.3.6/profiles/ART_MBARC-26_HiSeq_R2.txt (user's profile)

Output files

  FASTQ Sequence Files:
	 the 1st reads: /tmp/tmpm392huw0/2024.02.05_10.54.22_sample_0/reads/GCF_003790525.1_ASM379052v11.fq
	 the 2nd reads: /tmp/tmpm392huw0/2024.02.05_10.54.22_sample_0/reads/GCF_003790525.1_ASM379052v12.fq

  SAM Alignment File:
	/tmp/tmpm392huw0/2024.02.05_10.54.22_sample_0/reads/GCF_003790525.1_ASM379052v1.sam

=======================================ART======================================
                            ART_Illumina (2008-2015)                            
                            Q Version 2.3.6 (Mar 9, 2015)                      
                     Contact: Weichun Huang at whduke@gmail.com                 
================================================================================

                          Paired-end sequencing simulation

Total CPU time used: 2.2

The random seed for the run: 700502139

Parameters used during run
	Read Length:	150
	Genome masking 'N' cutoff frequency: 	1 in 150
	Fold Coverage:            4.04694X
	Mean Fragment Length:     270
	Standard Deviation:       27
	First quality shift:      11
	Second quality shift:     11
	Profile Type:             Combined
	ID Tag:                   

Quality Profile(s)
	First Read:   /home/wenhai/application/camisim/CAMISIM/tools/art_illumina-2.3.6/profiles/ART_MBARC-26_HiSeq_R1.txt (user's profile)
	Second Read:  /home/wenhai/application/camisim/CAMISIM/tools/art_illumina-2.3.6/profiles/ART_MBARC-26_HiSeq_R2.txt (user's profile)

Output files

  FASTQ Sequence Files:
	 the 1st reads: /tmp/tmpm392huw0/2024.02.05_10.54.22_sample_0/reads/GCF_024223415.1_ASM2422341v11.fq
	 the 2nd reads: /tmp/tmpm392huw0/2024.02.05_10.54.22_sample_0/reads/GCF_024223415.1_ASM2422341v12.fq

  SAM Alignment File:
	/tmp/tmpm392huw0/2024.02.05_10.54.22_sample_0/reads/GCF_024223415.1_ASM2422341v1.sam

=======================================ART======================================
                            ART_Illumina (2008-2015)                            
                            Q Version 2.3.6 (Mar 9, 2015)                      
                     Contact: Weichun Huang at whduke@gmail.com                 
================================================================================

                          Paired-end sequencing simulation

Total CPU time used: 4.82

The random seed for the run: 863954990

Parameters used during run
	Read Length:	150
	Genome masking 'N' cutoff frequency: 	1 in 150
	Fold Coverage:            5.39592X
	Mean Fragment Length:     270
	Standard Deviation:       27
	First quality shift:      11
	Second quality shift:     11
	Profile Type:             Combined
	ID Tag:                   

Quality Profile(s)
	First Read:   /home/wenhai/application/camisim/CAMISIM/tools/art_illumina-2.3.6/profiles/ART_MBARC-26_HiSeq_R1.txt (user's profile)
	Second Read:  /home/wenhai/application/camisim/CAMISIM/tools/art_illumina-2.3.6/profiles/ART_MBARC-26_HiSeq_R2.txt (user's profile)

Output files

  FASTQ Sequence Files:
	 the 1st reads: /tmp/tmpm392huw0/2024.02.05_10.54.22_sample_0/reads/GCF_006401215.1_ASM640121v11.fq
	 the 2nd reads: /tmp/tmpm392huw0/2024.02.05_10.54.22_sample_0/reads/GCF_006401215.1_ASM640121v12.fq

  SAM Alignment File:
	/tmp/tmpm392huw0/2024.02.05_10.54.22_sample_0/reads/GCF_006401215.1_ASM640121v1.sam

2024-02-05 10:54:45 INFO: [GenomePreparation 98679005782] Simulating reads finished
2024-02-05 10:54:57 INFO: [MetagenomeSimulationPipeline] Generate gold standard assembly
2024-02-05 10:54:57 INFO: [MetadataReader 48867973559] Reading file: '/home/work/wenhai/PanTax/sample/sample_ngs_data/internal/genome_locations.tsv'
2024-02-05 10:55:13 INFO: [MetagenomeSimulationPipeline] Generate pooled strains gold standard assembly
2024-02-05 10:55:13 INFO: [MetadataReader 33359741144] Reading file: '/home/work/wenhai/PanTax/sample/sample_ngs_data/internal/genome_locations.tsv'
2024-02-05 10:55:13 INFO: [MetagenomeSimulationPipeline] Samples used for pooled assembly: '2024.02.05_10.54.22_sample_0'
2024-02-05 10:55:13 INFO: [Validator 84402770677] Creating pooled gold standard
2024-02-05 10:55:13 INFO: [Validator 84402770677] Merging bam files.
2024-02-05 10:55:13 WARNING: [Validator 84402770677] List contains only one file: '/home/work/wenhai/PanTax/sample/sample_ngs_data/2024.02.05_10.54.22_sample_0/bam/GCF_006400955.1_ASM640095v1.bam'
2024-02-05 10:55:13 WARNING: [Validator 84402770677] List contains only one file: '/home/work/wenhai/PanTax/sample/sample_ngs_data/2024.02.05_10.54.22_sample_0/bam/GCF_003790525.1_ASM379052v1.bam'
2024-02-05 10:55:13 WARNING: [Validator 84402770677] List contains only one file: '/home/work/wenhai/PanTax/sample/sample_ngs_data/2024.02.05_10.54.22_sample_0/bam/GCF_024223415.1_ASM2422341v1.bam'
2024-02-05 10:55:13 WARNING: [Validator 84402770677] List contains only one file: '/home/work/wenhai/PanTax/sample/sample_ngs_data/2024.02.05_10.54.22_sample_0/bam/GCF_006401215.1_ASM640121v1.bam'
2024-02-05 10:55:30 INFO: [MetagenomeSimulationPipeline] Anonymize Data
2024-02-05 10:55:30 INFO: [FastaAnonymizer] Interweave shuffle and anonymize
2024-02-05 10:55:59 INFO: [MetadataReader 88915460313] Reading file: '/home/work/wenhai/PanTax/sample/sample_ngs_data/internal/genome_locations.tsv'
2024-02-05 10:55:59 INFO: [MetadataReader 2641611716] Reading file: '/home/work/wenhai/PanTax/sample/sample_ngs_data/internal/meta_data.tsv'
2024-02-05 10:55:59 INFO: [MetadataReader 90831995537] Reading file: '/tmp/tmpm392huw0/tmpy1e916pj'
2024-02-05 10:56:00 INFO: [FastaAnonymizer 87220810978] Shuffle and anonymize '/tmp/tmpm392huw0/tmp6curze_2'
2024-02-05 10:56:03 INFO: [MetadataReader 79419093290] Reading file: '/home/work/wenhai/PanTax/sample/sample_ngs_data/internal/genome_locations.tsv'
2024-02-05 10:56:03 INFO: [MetadataReader 71077305894] Reading file: '/home/work/wenhai/PanTax/sample/sample_ngs_data/internal/meta_data.tsv'
2024-02-05 10:56:03 INFO: [MetadataReader 27442689199] Reading file: '/tmp/tmpm392huw0/read_start_positions_xgkvh7z'
2024-02-05 10:56:04 INFO: [MetadataReader 13190750542] Reading file: '/tmp/tmpm392huw0/tmpgrnbz2c3'
2024-02-05 11:00:19 INFO: [FastaAnonymizer 24712393472] Shuffle and anonymize '/tmp/tmpm392huw0/tmp8n6mt7f1'
2024-02-05 11:00:21 INFO: [MetadataReader 46834664698] Reading file: '/home/work/wenhai/PanTax/sample/sample_ngs_data/internal/genome_locations.tsv'
2024-02-05 11:00:21 INFO: [MetadataReader 57864289696] Reading file: '/home/work/wenhai/PanTax/sample/sample_ngs_data/internal/meta_data.tsv'
2024-02-05 11:00:21 INFO: [MetadataReader 22462823667] Reading file: '/tmp/tmpm392huw0/read_start_positionsuz1mbfri'
2024-02-05 11:00:22 INFO: [MetadataReader 31924132629] Reading file: '/tmp/tmpm392huw0/tmpnbs7j8w_'
2024-02-05 11:04:37 INFO: [MetagenomeSimulationPipeline] Compress Data
2024-02-05 11:04:37 INFO: [Compress 56734492337] Compressing 'anonymous_gs_mappingu2_e0_cz'
2024-02-05 11:04:37 INFO: [Compress 1995349807] Compressing 'tmpa9r3zvmk'
2024-02-05 11:04:37 INFO: [Compress 27707652815] Compressing 'tmpyp_rf7uw'
2024-02-05 11:04:37 INFO: [Compress 52281316057] Compressing 'tmpkfeh610u'
2024-02-05 11:04:37 INFO: [Compress 13062471433] Compressing 'anonymous_gsa_mapping8hkcopxp'
2024-02-05 11:04:37 INFO: [Compress 98681260634] Compressing 'anonymous_gsa_pooled_mapping49w49o87'
2024-02-05 11:04:37 INFO: [Compress 13062471433] Done compressing 'gsa_mapping.tsv.gz' in 0:00:00s.
2024-02-05 11:04:37 INFO: [Compress 98681260634] Done compressing 'gsa_pooled_mapping.tsv.gz' in 0:00:00s.
2024-02-05 11:04:38 INFO: [Compress 52281316057] Done compressing 'anonymous_gsa.fasta.gz' in 0:00:01s.
2024-02-05 11:04:38 INFO: [Compress 27707652815] Done compressing 'anonymous_gsa_pooled.fasta.gz' in 0:00:01s.
2024-02-05 11:04:38 INFO: [Compress 56734492337] Done compressing 'reads_mapping.tsv.gz' in 0:00:01s.
2024-02-05 11:04:44 INFO: [Compress 1995349807] Done compressing 'anonymous_reads.fq.gz' in 0:00:07s.
2024-02-05 11:04:44 INFO: [MetagenomeSimulationPipeline] Metagenome simulation finished
